d:\documentos\pg-2022-2-gabrielam\hellotriangle\hellotriangle\debug\vc143.pdb
d:\documentos\pg-2022-2-gabrielam\hellotriangle\hellotriangle\debug\vc143.idb
d:\documentos\pg-2022-2-gabrielam\hellotriangle\hellotriangle\debug\glad.obj
d:\documentos\pg-2022-2-gabrielam\hellotriangle\hellotriangle\debug\lista1_5a.obj
d:\documentos\pg-2022-2-gabrielam\hellotriangle\hellotriangle\debug\lista 1_5b.obj
d:\documentos\pg-2022-2-gabrielam\hellotriangle\hellotriangle\debug\lista1_5c.obj
d:\documentos\pg-2022-2-gabrielam\hellotriangle\hellotriangle\debug\lista1_5d.obj
d:\documentos\pg-2022-2-gabrielam\hellotriangle\hellotriangle\debug\lista1 - 6ab.obj
d:\documentos\pg-2022-2-gabrielam\hellotriangle\hellotriangle\debug\lista1_6a.obj
d:\documentos\pg-2022-2-gabrielam\hellotriangle\hellotriangle\debug\lista1_6b.obj
d:\documentos\pg-2022-2-gabrielam\hellotriangle\hellotriangle\debug\lista1_6cas.obj
d:\documentos\pg-2022-2-gabrielam\hellotriangle\hellotriangle\debug\lista1 - 6c.obj
d:\documentos\pg-2022-2-gabrielam\hellotriangle\debug\hellotriangle.exe
d:\documentos\pg-2022-2-gabrielam\hellotriangle\hellotriangle\debug\hellotriangle.ilk
d:\documentos\pg-2022-2-gabrielam\hellotriangle\debug\hellotriangle.pdb
d:\documentos\pg-2022-2-gabrielam\hellotriangle\hellotriangle\debug\lista1_6c.obj
d:\documentos\pg-2022-2-gabrielam\hellotriangle\hellotriangle\debug\hellotriangle.tlog\cl.command.1.tlog
d:\documentos\pg-2022-2-gabrielam\hellotriangle\hellotriangle\debug\hellotriangle.tlog\cl.read.1.tlog
d:\documentos\pg-2022-2-gabrielam\hellotriangle\hellotriangle\debug\hellotriangle.tlog\cl.write.1.tlog
d:\documentos\pg-2022-2-gabrielam\hellotriangle\hellotriangle\debug\hellotriangle.tlog\link.command.1.tlog
d:\documentos\pg-2022-2-gabrielam\hellotriangle\hellotriangle\debug\hellotriangle.tlog\link.read.1.tlog
d:\documentos\pg-2022-2-gabrielam\hellotriangle\hellotriangle\debug\hellotriangle.tlog\link.write.1.tlog
